<?xml version="1.0" encoding="UTF-8"?>
<!-- Generated by org.testng.reporters.JUnitReportReporter -->
<testsuite hostname="DESKTOP-SP8UJ8Q" failures="0" tests="1" name="script.InvalidLogin" time="13.790" errors="0" timestamp="2022-05-14T08:33:36 IST" skipped="0">
  <testcase classname="script.InvalidLogin" name="testInvalidLogin" time="13.790"/>
  <system-out/>
</testsuite> <!-- script.InvalidLogin -->
