<?xml version="1.0" encoding="UTF-8"?>
<!-- Generated by org.testng.reporters.JUnitReportReporter -->
<testsuite hostname="DESKTOP-SP8UJ8Q" failures="0" tests="1" name="script.ValidLogin" time="15.062" errors="0" timestamp="2022-05-12T19:46:05 IST" skipped="0">
  <testcase classname="script.ValidLogin" name="testValidLogin" time="15.062"/>
  <system-out/>
</testsuite> <!-- script.ValidLogin -->
