<?xml version="1.0" encoding="UTF-8"?>
<!-- Generated by org.testng.reporters.JUnitReportReporter -->
<testsuite hostname="DESKTOP-SP8UJ8Q" failures="0" tests="1" name="script.ValidLogin" time="11.179" errors="0" timestamp="2022-05-14T08:33:36 IST" skipped="0">
  <testcase classname="script.ValidLogin" name="testValidLogin" time="11.179"/>
  <system-out/>
</testsuite> <!-- script.ValidLogin -->
